{
  "RSpec": {
    "coverage": {
      "/mnt/c/Users/91790/Documents/SoftwareEngineering/TF-cucumber/team-formation/app/controllers/application_controller.rb": {
        "lines": [
          null,
          null,
          1,
          null,
          1,
          1,
          null,
          1,
          null,
          null,
          1,
          null,
          3,
          null,
          null,
          1,
          null,
          1,
          null,
          null,
          null,
          null,
          1,
          null,
          null,
          132,
          null,
          null,
          null,
          1,
          133,
          null,
          null,
          2,
          null,
          null,
          null
        ]
      },
      "/mnt/c/Users/91790/Documents/SoftwareEngineering/TF-cucumber/team-formation/app/controllers/attributes_controller.rb": {
        "lines": [
          null,
          1,
          1,
          null,
          1,
          null,
          1,
          null,
          null,
          null,
          1,
          10,
          10,
          null,
          10,
          6,
          null,
          4,
          null,
          null,
          null,
          1,
          9,
          null,
          6,
          6,
          null,
          3,
          null,
          null,
          null,
          null,
          null,
          1,
          4,
          null,
          3,
          null,
          null,
          1,
          null,
          null,
          null,
          1,
          null,
          null,
          null,
          1,
          null,
          29,
          null,
          null,
          2,
          2,
          null,
          null,
          null,
          null,
          1,
          null,
          17,
          null,
          null,
          4,
          4,
          null,
          null,
          null,
          null,
          1,
          10,
          null,
          null,
          1,
          20,
          20,
          null,
          null,
          1,
          3,
          null,
          null,
          1,
          7,
          7,
          7,
          null,
          null,
          1,
          6,
          null,
          null,
          1,
          4,
          null,
          null,
          null,
          1,
          4,
          4,
          null,
          null,
          null,
          null,
          1,
          20,
          null,
          null,
          1,
          24,
          null,
          23,
          23,
          null,
          null,
          1,
          28,
          null,
          null,
          1,
          7,
          null,
          null,
          1,
          5,
          null,
          null
        ]
      },
      "/mnt/c/Users/91790/Documents/SoftwareEngineering/TF-cucumber/team-formation/app/controllers/concerns/attribute_helpers.rb": {
        "lines": [
          1,
          1,
          null,
          1,
          null,
          1,
          10,
          null,
          null,
          1,
          10,
          null,
          null,
          1,
          2,
          2,
          null,
          null,
          1,
          10,
          10,
          null,
          null,
          null
        ]
      },
      "/mnt/c/Users/91790/Documents/SoftwareEngineering/TF-cucumber/team-formation/app/controllers/concerns/form_publishing.rb": {
        "lines": [
          1,
          1,
          null,
          1,
          5,
          3,
          null,
          2,
          null,
          null,
          null,
          1,
          8,
          4,
          null,
          4,
          null,
          null,
          null,
          1,
          null,
          1,
          3,
          2,
          null,
          1,
          null,
          null,
          null,
          1,
          2,
          2,
          2,
          null,
          null,
          1,
          null,
          2,
          null,
          null,
          null,
          null,
          null,
          8,
          null,
          null
        ]
      },
      "/mnt/c/Users/91790/Documents/SoftwareEngineering/TF-cucumber/team-formation/app/controllers/concerns/team_calculation.rb": {
        "lines": [
          1,
          1,
          1,
          1,
          null,
          35,
          35,
          35,
          31,
          31,
          null,
          null,
          1,
          null,
          1,
          null,
          1149,
          null,
          null,
          1,
          null,
          35,
          35,
          33,
          null,
          null,
          null,
          null,
          null,
          null,
          null,
          null,
          35,
          null,
          null,
          1,
          96,
          null,
          96,
          1,
          null,
          null,
          95,
          1,
          null,
          null,
          94,
          null,
          null,
          1,
          68,
          null,
          68,
          1,
          null,
          null,
          67,
          1,
          null,
          null,
          66,
          null,
          null,
          1,
          null,
          66,
          66,
          231,
          null,
          66,
          null,
          null,
          1,
          null,
          35,
          33,
          31,
          null,
          31,
          1114,
          null,
          null,
          null,
          1114,
          null,
          null,
          null,
          null,
          null,
          null,
          null,
          null,
          1114,
          null,
          null,
          1114,
          null,
          null,
          1114,
          1114,
          1114,
          1114,
          1114,
          null,
          null,
          null,
          1,
          31,
          33,
          33,
          null,
          null,
          33,
          null,
          null,
          33,
          235,
          235,
          null,
          null,
          null,
          33,
          58,
          58,
          null,
          null,
          null,
          null,
          1,
          31,
          null,
          null,
          1,
          2228,
          null,
          null,
          1,
          1114,
          1114,
          null,
          1114,
          1114,
          1114,
          null,
          1114,
          1114,
          null,
          null,
          1114,
          1114,
          null,
          null,
          1,
          null,
          1391,
          384,
          453,
          null,
          null,
          null,
          1,
          33,
          33,
          null,
          33,
          5,
          6,
          18,
          4,
          null,
          null,
          33,
          null,
          33,
          null,
          null,
          1,
          null,
          293,
          null,
          null,
          null,
          null,
          null,
          null,
          null,
          null,
          null,
          null,
          null,
          1,
          2,
          null,
          null,
          1,
          2,
          null,
          null
        ]
      },
      "/mnt/c/Users/91790/Documents/SoftwareEngineering/TF-cucumber/team-formation/app/controllers/concerns/team_distribution_helpers.rb": {
        "lines": [
          1,
          1,
          null,
          1,
          null,
          1,
          218,
          null,
          218,
          26,
          null,
          null,
          218,
          184,
          null,
          null,
          218,
          30,
          null,
          null,
          218,
          null,
          null,
          1,
          16036,
          578,
          null,
          578,
          578,
          null,
          578,
          578,
          null,
          578,
          578,
          null,
          578,
          578,
          578,
          null,
          578,
          null,
          578,
          null,
          null,
          1,
          779,
          779,
          null,
          779,
          2979,
          40821,
          1595,
          1595,
          null,
          null,
          779,
          null,
          null,
          1,
          200,
          36,
          164,
          11,
          null,
          153,
          null,
          null,
          null,
          null,
          null,
          null,
          null,
          null,
          null,
          1,
          132,
          null,
          16,
          null,
          48,
          null,
          68,
          null,
          null,
          132,
          null,
          null,
          null,
          null,
          null,
          null,
          null,
          1,
          132,
          553,
          173,
          null,
          null,
          null,
          null,
          1,
          23738,
          836,
          null,
          null
        ]
      },
      "/mnt/c/Users/91790/Documents/SoftwareEngineering/TF-cucumber/team-formation/app/controllers/concerns/team_ethnicity_balance.rb": {
        "lines": [
          1,
          1,
          1,
          null,
          1,
          17,
          null,
          17,
          17,
          null,
          17,
          17,
          93,
          null,
          null,
          17,
          93,
          61,
          null,
          null,
          17,
          61,
          null,
          null,
          null,
          17,
          61,
          null,
          null,
          null,
          17,
          null,
          null,
          1,
          null,
          null,
          null,
          null,
          1,
          61,
          30,
          null,
          null,
          null,
          null,
          null,
          null,
          null,
          1,
          61,
          774,
          null,
          null,
          null,
          null,
          null,
          null,
          null,
          1,
          30,
          30,
          null,
          null,
          null,
          null,
          null,
          null,
          1,
          774,
          774,
          null,
          null,
          null,
          null,
          null,
          null,
          null,
          null,
          null,
          1,
          30,
          30,
          null,
          null,
          30,
          null,
          null,
          null,
          null,
          null,
          30,
          null,
          null,
          null,
          null,
          null,
          null,
          null,
          1,
          61,
          61,
          null,
          31,
          76,
          76,
          null,
          null,
          76,
          null,
          null,
          null,
          31,
          null,
          null,
          null,
          null,
          null,
          null,
          1,
          76,
          3102,
          null,
          76,
          76,
          null,
          76,
          null,
          null,
          null,
          null,
          null,
          null,
          1,
          1047,
          76,
          null,
          76,
          216,
          4,
          4,
          null,
          null,
          null,
          null,
          null,
          null,
          null,
          1,
          17,
          17,
          null,
          753,
          17,
          null,
          17,
          17,
          null,
          null,
          null,
          null,
          null,
          null,
          null,
          null,
          1,
          17,
          17,
          null,
          17,
          42,
          null,
          null,
          null,
          null,
          null,
          null,
          null,
          null,
          null,
          1,
          null,
          17,
          211,
          191,
          null,
          null,
          null,
          29,
          null,
          null,
          null,
          null,
          null,
          null,
          null,
          null,
          null,
          1,
          42,
          42,
          42,
          null,
          null,
          42,
          42,
          null,
          null,
          null
        ]
      },
      "/mnt/c/Users/91790/Documents/SoftwareEngineering/TF-cucumber/team-formation/app/controllers/concerns/team_gender_balance.rb": {
        "lines": [
          1,
          1,
          1,
          null,
          null,
          null,
          null,
          null,
          null,
          null,
          null,
          null,
          null,
          null,
          null,
          null,
          null,
          1,
          7,
          null,
          7,
          null,
          null,
          7,
          null,
          null,
          null,
          6,
          null,
          null,
          6,
          null,
          6,
          null,
          null,
          1,
          null,
          null,
          1,
          7,
          7,
          null,
          7,
          null,
          null,
          null,
          1,
          7,
          61,
          null,
          null,
          null,
          null,
          1,
          7,
          7,
          null,
          null,
          null,
          1,
          56,
          56,
          null,
          56,
          56,
          56,
          56,
          null,
          null,
          null,
          1,
          56,
          56,
          56,
          56,
          56,
          null,
          null,
          null,
          null,
          null,
          1,
          56,
          56,
          56,
          null,
          56,
          null,
          1,
          null,
          56,
          null,
          null,
          null,
          1,
          56,
          112,
          null,
          null,
          null,
          null,
          1,
          2676,
          null,
          null,
          null,
          1,
          56,
          null,
          null,
          null,
          1,
          6,
          6,
          null,
          1,
          null,
          1,
          1,
          null,
          null,
          1,
          1,
          null,
          null,
          1,
          6,
          6,
          null,
          null,
          6,
          null,
          6,
          33,
          33,
          null,
          29,
          29,
          null,
          null,
          null,
          null,
          1,
          33,
          33,
          null,
          null,
          33,
          null,
          33,
          null,
          4,
          4,
          null,
          null,
          29,
          29,
          null,
          null,
          null,
          null,
          1,
          33,
          452,
          null,
          null,
          null,
          31,
          null,
          null,
          null,
          1,
          29,
          402,
          null,
          null,
          106,
          null,
          null,
          null,
          1,
          null,
          26,
          null,
          null,
          26,
          null,
          null,
          76,
          null,
          26,
          0,
          null,
          null,
          26,
          null,
          null
        ]
      },
      "/mnt/c/Users/91790/Documents/SoftwareEngineering/TF-cucumber/team-formation/app/controllers/concerns/generate_teams.rb": {
        "lines": [
          1,
          1,
          1,
          1,
          1,
          1,
          null,
          1,
          2,
          null,
          2,
          2,
          1,
          1,
          null,
          1,
          null,
          null,
          null,
          null,
          1,
          2,
          1,
          1,
          1,
          null,
          null,
          1,
          3,
          3,
          null,
          null,
          null,
          1,
          3,
          16,
          15,
          null,
          14,
          null,
          null,
          null,
          null,
          null,
          null,
          null,
          1,
          16,
          54,
          53,
          null,
          null,
          null,
          1,
          1,
          1,
          null,
          null
        ]
      },
      "/mnt/c/Users/91790/Documents/SoftwareEngineering/TF-cucumber/team-formation/app/controllers/concerns/team_skill_balance.rb": {
        "lines": [
          1,
          1,
          1,
          null,
          null,
          null,
          null,
          null,
          null,
          null,
          null,
          null,
          null,
          null,
          null,
          null,
          null,
          1,
          7,
          8,
          null,
          7,
          null,
          null,
          1,
          8,
          8,
          8,
          null,
          null,
          22,
          null,
          null,
          22,
          null,
          null,
          22,
          null,
          null,
          null,
          1,
          22,
          194,
          null,
          null,
          null,
          1,
          241,
          null,
          null,
          null,
          null,
          1,
          22,
          194,
          null,
          null,
          null,
          null,
          1,
          194,
          null,
          113,
          null,
          null,
          null,
          1,
          113,
          null,
          null,
          null,
          1,
          113,
          113,
          null,
          null,
          113,
          113,
          null,
          null,
          null,
          1,
          194,
          null,
          null,
          1,
          113,
          31,
          82,
          52,
          null,
          30,
          null,
          null,
          null,
          null,
          1,
          113,
          113,
          null,
          null,
          1,
          31,
          null,
          null,
          1,
          52,
          null,
          null,
          1,
          30,
          null,
          null,
          1,
          113,
          237,
          null,
          null,
          1,
          null,
          null,
          null
        ]
      },
      "/mnt/c/Users/91790/Documents/SoftwareEngineering/TF-cucumber/team-formation/app/controllers/form_responses_controller.rb": {
        "lines": [
          null,
          1,
          1,
          1,
          null,
          null,
          null,
          null,
          1,
          3,
          null,
          null,
          1,
          1,
          2,
          null,
          null,
          1,
          1,
          null,
          null,
          null,
          1,
          null,
          null,
          null,
          null,
          1,
          null,
          3,
          null,
          null,
          null,
          1,
          null,
          3,
          3,
          1,
          null,
          null,
          null,
          null,
          1,
          6,
          6,
          null,
          6,
          1,
          1,
          null,
          5,
          3,
          3,
          null,
          2,
          2,
          null,
          null,
          null,
          null,
          null,
          null,
          null,
          null,
          null,
          1,
          4,
          4,
          4,
          4,
          1,
          null,
          null,
          null,
          null,
          null,
          null,
          1,
          9,
          null,
          9,
          3,
          3,
          null,
          6,
          4,
          4,
          null,
          2,
          2,
          null,
          null,
          null,
          null,
          null,
          null,
          null,
          null,
          1,
          null,
          2,
          2,
          null,
          null,
          1,
          null,
          null,
          null,
          null,
          null,
          null,
          null,
          null,
          null,
          null,
          null,
          null,
          1,
          12,
          10,
          null,
          3,
          3,
          null,
          null,
          null,
          null,
          1,
          18,
          null,
          0,
          0,
          null,
          null,
          null,
          null,
          1,
          16,
          null,
          null
        ]
      },
      "/mnt/c/Users/91790/Documents/SoftwareEngineering/TF-cucumber/team-formation/app/controllers/forms_controller.rb": {
        "lines": [
          null,
          null,
          null,
          1,
          1,
          1,
          1,
          1,
          1,
          1,
          1,
          1,
          1,
          1,
          null,
          null,
          1,
          1,
          null,
          null,
          1,
          null,
          2,
          null,
          null,
          null,
          null,
          1,
          null,
          null,
          null,
          null,
          null,
          1,
          null,
          2,
          null,
          null,
          null,
          null,
          1,
          null,
          null,
          3,
          null,
          null,
          null,
          null,
          1,
          null,
          8,
          null,
          8,
          null,
          4,
          null,
          null,
          4,
          4,
          null,
          null,
          null,
          null,
          null,
          null,
          null,
          1,
          null,
          6,
          null,
          6,
          null,
          4,
          4,
          null,
          null,
          2,
          2,
          null,
          null,
          1,
          6,
          null,
          6,
          null,
          4,
          null,
          4,
          null,
          2,
          2,
          null,
          0,
          null,
          null,
          null,
          null,
          null,
          null,
          null,
          null,
          null,
          1,
          1,
          1,
          null,
          null,
          null,
          null,
          1,
          1,
          1,
          null,
          1,
          1,
          null,
          0,
          null,
          null,
          null,
          null,
          null,
          null,
          1,
          2,
          null,
          2,
          null,
          4,
          2,
          null,
          null,
          null,
          1,
          2,
          2,
          null,
          1,
          null,
          null,
          1,
          4,
          null,
          null,
          1,
          2,
          null,
          null,
          null,
          1,
          30,
          null,
          null,
          null,
          null,
          1,
          8,
          null,
          null,
          null,
          4,
          null,
          null
        ]
      },
      "/mnt/c/Users/91790/Documents/SoftwareEngineering/TF-cucumber/team-formation/app/controllers/concerns/form_uploading.rb": {
        "lines": [
          1,
          1,
          1,
          null,
          1,
          2,
          null,
          null,
          1,
          8,
          7,
          null,
          1,
          1,
          null,
          null,
          null,
          1,
          null,
          0,
          null,
          null,
          0,
          null,
          null,
          1,
          null,
          1,
          7,
          null,
          null,
          7,
          7,
          null,
          0,
          0,
          null,
          0,
          0,
          null,
          null,
          null,
          1,
          7,
          null,
          7,
          1,
          1,
          null,
          null,
          6,
          null,
          null,
          1,
          6,
          6,
          5,
          5,
          1,
          1,
          1,
          null,
          null,
          1,
          null,
          null,
          1,
          null,
          1,
          6,
          6,
          1,
          1,
          1,
          null,
          5,
          null,
          null,
          1,
          5,
          5,
          null,
          5,
          6,
          6,
          6,
          6,
          4,
          4,
          null,
          2,
          null,
          1,
          null,
          null,
          1,
          1,
          3,
          1,
          null,
          1,
          2,
          null,
          null,
          2,
          null,
          null,
          null,
          null,
          null,
          1,
          null,
          null
        ]
      },
      "/mnt/c/Users/91790/Documents/SoftwareEngineering/TF-cucumber/team-formation/app/controllers/concerns/export_teams.rb": {
        "lines": [
          1,
          1,
          1,
          4,
          4,
          null,
          4,
          1,
          1,
          1,
          null,
          null,
          3,
          3,
          1,
          1,
          null,
          3,
          1,
          null,
          3,
          1,
          null,
          null,
          null,
          1,
          1,
          2,
          2,
          null,
          2,
          2,
          4,
          4,
          null,
          null,
          null,
          null,
          null,
          null,
          null,
          null,
          null,
          null,
          null
        ]
      },
      "/mnt/c/Users/91790/Documents/SoftwareEngineering/TF-cucumber/team-formation/app/controllers/sessions_controller.rb": {
        "lines": [
          1,
          1,
          null,
          null,
          1,
          1,
          1,
          null,
          null,
          null,
          1,
          4,
          null,
          4,
          4,
          null,
          4,
          1,
          1,
          3,
          1,
          1,
          null,
          2,
          null,
          null,
          null
        ]
      },
      "/mnt/c/Users/91790/Documents/SoftwareEngineering/TF-cucumber/team-formation/app/controllers/students_controller.rb": {
        "lines": [
          1,
          1,
          null,
          1,
          1,
          null,
          null,
          1,
          2,
          2,
          2,
          null,
          2,
          null,
          null,
          1,
          1,
          null,
          null,
          1,
          2,
          2,
          1,
          null,
          1,
          null,
          null,
          null,
          1,
          1,
          null,
          null,
          1,
          2,
          2,
          1,
          null,
          1,
          null,
          null,
          null,
          1,
          null,
          1,
          4,
          null,
          null
        ]
      },
      "/mnt/c/Users/91790/Documents/SoftwareEngineering/TF-cucumber/team-formation/app/controllers/users_controller.rb": {
        "lines": [
          null,
          null,
          1,
          null,
          null,
          1,
          null,
          null,
          4,
          null,
          null,
          null
        ]
      },
      "/mnt/c/Users/91790/Documents/SoftwareEngineering/TF-cucumber/team-formation/app/controllers/welcome_controller.rb": {
        "lines": [
          1,
          1,
          1,
          6,
          6,
          4,
          2,
          2,
          null,
          null,
          0,
          null,
          null,
          null,
          null,
          null
        ]
      },
      "/mnt/c/Users/91790/Documents/SoftwareEngineering/TF-cucumber/team-formation/app/jobs/check_form_deadlines_job.rb": {
        "lines": [
          1,
          1,
          null,
          1,
          1,
          null,
          null,
          null,
          null
        ]
      },
      "/mnt/c/Users/91790/Documents/SoftwareEngineering/TF-cucumber/team-formation/app/models/attribute.rb": {
        "lines": [
          null,
          1,
          null,
          null,
          1,
          null,
          null,
          null,
          1,
          null,
          null,
          null,
          null,
          null,
          1,
          null,
          1,
          null,
          null,
          null,
          null,
          null,
          197,
          null,
          null,
          197,
          null,
          1,
          null,
          null,
          null,
          1,
          null,
          47,
          null,
          46,
          1,
          null,
          null,
          null,
          null,
          null,
          null,
          1,
          null,
          98,
          null,
          null,
          95,
          1,
          null,
          null,
          null,
          null
        ]
      },
      "/mnt/c/Users/91790/Documents/SoftwareEngineering/TF-cucumber/team-formation/app/models/application_record.rb": {
        "lines": [
          1,
          1,
          null
        ]
      },
      "/mnt/c/Users/91790/Documents/SoftwareEngineering/TF-cucumber/team-formation/app/models/form.rb": {
        "lines": [
          null,
          null,
          1,
          null,
          null,
          null,
          null,
          1,
          null,
          null,
          null,
          null,
          1,
          null,
          null,
          null,
          1,
          1,
          1,
          null,
          null,
          1,
          null,
          null,
          1,
          null,
          null,
          1,
          8,
          null,
          null,
          1,
          3,
          null,
          null,
          null,
          1,
          15,
          null,
          null,
          null,
          1,
          10,
          null,
          null,
          null,
          1,
          4,
          null,
          null,
          null,
          null,
          null,
          null,
          1,
          null,
          null,
          1,
          null,
          1,
          null,
          1,
          null,
          1,
          245,
          1,
          null,
          null,
          null
        ]
      },
      "/mnt/c/Users/91790/Documents/SoftwareEngineering/TF-cucumber/team-formation/app/services/forms/duplication_service.rb": {
        "lines": [
          1,
          1,
          1,
          4,
          null,
          null,
          1,
          4,
          4,
          4,
          null,
          4,
          3,
          null,
          1,
          null,
          null,
          null,
          1,
          null,
          1,
          4,
          4,
          4,
          null,
          4,
          0,
          0,
          null,
          null,
          4,
          null,
          null,
          1,
          4,
          1,
          null,
          null,
          null,
          1,
          1,
          1,
          null,
          null,
          null,
          null,
          null,
          null
        ]
      },
      "/mnt/c/Users/91790/Documents/SoftwareEngineering/TF-cucumber/team-formation/app/services/forms/base_service.rb": {
        "lines": [
          1,
          null,
          1,
          1,
          1,
          3,
          null,
          null,
          1,
          null,
          1,
          3,
          null,
          null,
          1,
          1,
          null,
          null,
          null
        ]
      },
      "/mnt/c/Users/91790/Documents/SoftwareEngineering/TF-cucumber/team-formation/app/models/user.rb": {
        "lines": [
          1,
          1,
          1,
          null
        ]
      },
      "/mnt/c/Users/91790/Documents/SoftwareEngineering/TF-cucumber/team-formation/app/models/student.rb": {
        "lines": [
          1,
          1,
          1,
          null,
          1,
          1,
          1,
          null
        ]
      },
      "/mnt/c/Users/91790/Documents/SoftwareEngineering/TF-cucumber/team-formation/app/models/form_response.rb": {
        "lines": [
          1,
          1,
          1,
          null,
          1,
          1,
          1,
          null,
          1,
          null
        ]
      },
      "/mnt/c/Users/91790/Documents/SoftwareEngineering/TF-cucumber/team-formation/app/models/team.rb": {
        "lines": [
          1,
          1,
          null,
          1,
          1,
          1,
          null,
          null,
          1,
          null,
          null,
          null,
          null,
          null,
          null,
          null,
          null,
          null,
          null,
          null,
          null,
          null,
          null,
          null,
          null,
          null,
          null,
          null,
          null,
          null,
          null,
          null,
          null,
          null,
          null
        ]
      }
    },
    "timestamp": 1731733915
  },
  "Cucumber": {
    "coverage": {
      "/mnt/c/Users/91790/Documents/SoftwareEngineering/TF-cucumber/team-formation/app/models/user.rb": {
        "lines": [
          1,
          1,
          1,
          null
        ]
      },
      "/mnt/c/Users/91790/Documents/SoftwareEngineering/TF-cucumber/team-formation/app/models/application_record.rb": {
        "lines": [
          1,
          1,
          null
        ]
      },
      "/mnt/c/Users/91790/Documents/SoftwareEngineering/TF-cucumber/team-formation/app/models/form.rb": {
        "lines": [
          null,
          null,
          1,
          null,
          null,
          null,
          null,
          1,
          null,
          null,
          null,
          null,
          1,
          null,
          null,
          null,
          1,
          1,
          1,
          null,
          null,
          1,
          null,
          null,
          1,
          null,
          null,
          1,
          5,
          null,
          null,
          1,
          5,
          null,
          null,
          null,
          1,
          17,
          null,
          null,
          null,
          1,
          13,
          null,
          null,
          null,
          1,
          5,
          null,
          null,
          null,
          null,
          null,
          null,
          1,
          null,
          null,
          1,
          null,
          1,
          null,
          1,
          null,
          1,
          66,
          4,
          null,
          null,
          null
        ]
      },
      "/mnt/c/Users/91790/Documents/SoftwareEngineering/TF-cucumber/team-formation/app/controllers/users_controller.rb": {
        "lines": [
          null,
          null,
          1,
          null,
          null,
          1,
          null,
          null,
          24,
          null,
          null,
          null
        ]
      },
      "/mnt/c/Users/91790/Documents/SoftwareEngineering/TF-cucumber/team-formation/app/controllers/application_controller.rb": {
        "lines": [
          null,
          null,
          1,
          null,
          1,
          1,
          null,
          1,
          null,
          null,
          1,
          null,
          389,
          null,
          null,
          1,
          null,
          25,
          null,
          null,
          null,
          null,
          1,
          null,
          null,
          179,
          null,
          null,
          null,
          1,
          160,
          null,
          null,
          5,
          null,
          null,
          null
        ]
      },
      "/mnt/c/Users/91790/Documents/SoftwareEngineering/TF-cucumber/team-formation/app/controllers/forms_controller.rb": {
        "lines": [
          null,
          null,
          null,
          1,
          1,
          1,
          1,
          1,
          1,
          1,
          1,
          1,
          1,
          1,
          null,
          null,
          1,
          1,
          null,
          null,
          1,
          null,
          0,
          null,
          null,
          null,
          null,
          1,
          null,
          null,
          null,
          null,
          null,
          1,
          null,
          4,
          null,
          null,
          null,
          null,
          1,
          null,
          null,
          24,
          null,
          null,
          null,
          null,
          1,
          null,
          4,
          null,
          4,
          null,
          1,
          null,
          null,
          3,
          3,
          null,
          null,
          null,
          null,
          null,
          null,
          null,
          1,
          null,
          5,
          null,
          5,
          null,
          1,
          1,
          null,
          null,
          4,
          4,
          null,
          null,
          1,
          0,
          null,
          0,
          null,
          0,
          null,
          0,
          null,
          0,
          0,
          null,
          0,
          null,
          null,
          null,
          null,
          null,
          null,
          null,
          null,
          null,
          1,
          1,
          1,
          null,
          null,
          null,
          null,
          1,
          1,
          1,
          null,
          1,
          1,
          null,
          0,
          null,
          null,
          null,
          null,
          null,
          null,
          1,
          0,
          null,
          0,
          null,
          0,
          0,
          null,
          null,
          null,
          1,
          0,
          0,
          null,
          1,
          null,
          null,
          1,
          0,
          null,
          null,
          1,
          0,
          null,
          null,
          null,
          1,
          85,
          null,
          null,
          null,
          null,
          1,
          4,
          null,
          null,
          null,
          0,
          null,
          null
        ]
      },
      "/mnt/c/Users/91790/Documents/SoftwareEngineering/TF-cucumber/team-formation/app/controllers/concerns/form_publishing.rb": {
        "lines": [
          1,
          1,
          null,
          1,
          5,
          2,
          null,
          3,
          null,
          null,
          null,
          1,
          2,
          2,
          null,
          0,
          null,
          null,
          null,
          1,
          null,
          1,
          2,
          2,
          null,
          0,
          null,
          null,
          null,
          1,
          3,
          3,
          3,
          null,
          null,
          1,
          null,
          3,
          null,
          null,
          null,
          null,
          null,
          12,
          null,
          null
        ]
      },
      "/mnt/c/Users/91790/Documents/SoftwareEngineering/TF-cucumber/team-formation/app/controllers/concerns/form_uploading.rb": {
        "lines": [
          1,
          1,
          1,
          null,
          1,
          13,
          null,
          null,
          1,
          9,
          8,
          null,
          1,
          1,
          null,
          null,
          null,
          1,
          null,
          2,
          null,
          null,
          2,
          null,
          null,
          1,
          null,
          1,
          8,
          null,
          null,
          8,
          8,
          null,
          0,
          0,
          null,
          0,
          0,
          null,
          null,
          null,
          1,
          8,
          null,
          8,
          1,
          1,
          null,
          null,
          7,
          null,
          null,
          1,
          7,
          7,
          6,
          6,
          2,
          2,
          2,
          null,
          null,
          2,
          null,
          null,
          1,
          null,
          1,
          7,
          7,
          1,
          1,
          1,
          null,
          6,
          null,
          null,
          1,
          6,
          6,
          null,
          6,
          7,
          7,
          7,
          7,
          4,
          4,
          null,
          3,
          null,
          2,
          null,
          null,
          1,
          2,
          5,
          2,
          null,
          2,
          3,
          null,
          null,
          3,
          null,
          null,
          null,
          null,
          null,
          2,
          null,
          null
        ]
      },
      "/mnt/c/Users/91790/Documents/SoftwareEngineering/TF-cucumber/team-formation/app/controllers/concerns/team_calculation.rb": {
        "lines": [
          1,
          1,
          1,
          1,
          null,
          0,
          0,
          0,
          0,
          0,
          null,
          null,
          1,
          null,
          1,
          null,
          0,
          null,
          null,
          1,
          null,
          0,
          0,
          0,
          null,
          null,
          null,
          null,
          null,
          null,
          null,
          null,
          0,
          null,
          null,
          1,
          0,
          null,
          0,
          0,
          null,
          null,
          0,
          0,
          null,
          null,
          0,
          null,
          null,
          1,
          0,
          null,
          0,
          0,
          null,
          null,
          0,
          0,
          null,
          null,
          0,
          null,
          null,
          1,
          null,
          0,
          0,
          0,
          null,
          0,
          null,
          null,
          1,
          null,
          0,
          0,
          0,
          null,
          0,
          0,
          null,
          null,
          null,
          0,
          null,
          null,
          null,
          null,
          null,
          null,
          null,
          null,
          0,
          null,
          null,
          0,
          null,
          null,
          0,
          0,
          0,
          0,
          0,
          null,
          null,
          null,
          1,
          0,
          0,
          0,
          null,
          null,
          0,
          null,
          null,
          0,
          0,
          0,
          null,
          null,
          null,
          0,
          0,
          0,
          null,
          null,
          null,
          null,
          1,
          0,
          null,
          null,
          1,
          0,
          null,
          null,
          1,
          0,
          0,
          null,
          0,
          0,
          0,
          null,
          0,
          0,
          null,
          null,
          0,
          0,
          null,
          null,
          1,
          null,
          0,
          0,
          0,
          null,
          null,
          null,
          1,
          0,
          0,
          null,
          0,
          0,
          0,
          0,
          0,
          null,
          null,
          0,
          null,
          0,
          null,
          null,
          1,
          null,
          0,
          null,
          null,
          null,
          null,
          null,
          null,
          null,
          null,
          null,
          null,
          null,
          1,
          0,
          null,
          null,
          1,
          0,
          null,
          null
        ]
      },
      "/mnt/c/Users/91790/Documents/SoftwareEngineering/TF-cucumber/team-formation/app/controllers/concerns/team_distribution_helpers.rb": {
        "lines": [
          1,
          1,
          null,
          1,
          null,
          1,
          0,
          null,
          0,
          0,
          null,
          null,
          0,
          0,
          null,
          null,
          0,
          0,
          null,
          null,
          0,
          null,
          null,
          1,
          0,
          0,
          null,
          0,
          0,
          null,
          0,
          0,
          null,
          0,
          0,
          null,
          0,
          0,
          0,
          null,
          0,
          null,
          0,
          null,
          null,
          1,
          0,
          0,
          null,
          0,
          0,
          0,
          0,
          0,
          null,
          null,
          0,
          null,
          null,
          1,
          0,
          0,
          0,
          0,
          null,
          0,
          null,
          null,
          null,
          null,
          null,
          null,
          null,
          null,
          null,
          1,
          0,
          null,
          0,
          null,
          0,
          null,
          0,
          null,
          null,
          0,
          null,
          null,
          null,
          null,
          null,
          null,
          null,
          1,
          0,
          0,
          0,
          null,
          null,
          null,
          null,
          1,
          0,
          0,
          null,
          null
        ]
      },
      "/mnt/c/Users/91790/Documents/SoftwareEngineering/TF-cucumber/team-formation/app/controllers/concerns/team_gender_balance.rb": {
        "lines": [
          1,
          1,
          1,
          null,
          null,
          null,
          null,
          null,
          null,
          null,
          null,
          null,
          null,
          null,
          null,
          null,
          null,
          1,
          0,
          null,
          0,
          null,
          null,
          0,
          null,
          null,
          null,
          0,
          null,
          null,
          0,
          null,
          0,
          null,
          null,
          1,
          null,
          null,
          1,
          0,
          0,
          null,
          0,
          null,
          null,
          null,
          1,
          0,
          0,
          null,
          null,
          null,
          null,
          1,
          0,
          0,
          null,
          null,
          null,
          1,
          0,
          0,
          null,
          0,
          0,
          0,
          0,
          null,
          null,
          null,
          1,
          0,
          0,
          0,
          0,
          0,
          null,
          null,
          null,
          null,
          null,
          1,
          0,
          0,
          0,
          null,
          0,
          null,
          0,
          null,
          0,
          null,
          null,
          null,
          1,
          0,
          0,
          null,
          null,
          null,
          null,
          1,
          0,
          null,
          null,
          null,
          1,
          0,
          null,
          null,
          null,
          1,
          0,
          0,
          null,
          0,
          null,
          0,
          0,
          null,
          null,
          0,
          0,
          null,
          null,
          1,
          0,
          0,
          null,
          null,
          0,
          null,
          0,
          0,
          0,
          null,
          0,
          0,
          null,
          null,
          null,
          null,
          1,
          0,
          0,
          null,
          null,
          0,
          null,
          0,
          null,
          0,
          0,
          null,
          null,
          0,
          0,
          null,
          null,
          null,
          null,
          1,
          0,
          0,
          null,
          null,
          null,
          0,
          null,
          null,
          null,
          1,
          0,
          0,
          null,
          null,
          0,
          null,
          null,
          null,
          1,
          null,
          0,
          null,
          null,
          0,
          null,
          null,
          0,
          null,
          0,
          0,
          null,
          null,
          0,
          null,
          null
        ]
      },
      "/mnt/c/Users/91790/Documents/SoftwareEngineering/TF-cucumber/team-formation/app/controllers/concerns/team_ethnicity_balance.rb": {
        "lines": [
          1,
          1,
          1,
          null,
          1,
          0,
          null,
          0,
          0,
          null,
          0,
          0,
          0,
          null,
          null,
          0,
          0,
          0,
          null,
          null,
          0,
          0,
          null,
          null,
          null,
          0,
          0,
          null,
          null,
          null,
          0,
          null,
          null,
          1,
          null,
          null,
          null,
          null,
          1,
          0,
          0,
          null,
          null,
          null,
          null,
          null,
          null,
          null,
          1,
          0,
          0,
          null,
          null,
          null,
          null,
          null,
          null,
          null,
          1,
          0,
          0,
          null,
          null,
          null,
          null,
          null,
          null,
          1,
          0,
          0,
          null,
          null,
          null,
          null,
          null,
          null,
          null,
          null,
          null,
          1,
          0,
          0,
          null,
          null,
          0,
          null,
          null,
          null,
          null,
          null,
          0,
          null,
          null,
          null,
          null,
          null,
          null,
          null,
          1,
          0,
          0,
          null,
          0,
          0,
          0,
          null,
          null,
          0,
          null,
          null,
          null,
          0,
          null,
          null,
          null,
          null,
          null,
          null,
          1,
          0,
          0,
          null,
          0,
          0,
          null,
          0,
          null,
          null,
          null,
          null,
          null,
          null,
          1,
          0,
          0,
          null,
          0,
          0,
          0,
          0,
          null,
          null,
          null,
          null,
          null,
          null,
          null,
          1,
          0,
          0,
          null,
          0,
          0,
          null,
          0,
          0,
          null,
          null,
          null,
          null,
          null,
          null,
          null,
          null,
          1,
          0,
          0,
          null,
          0,
          0,
          null,
          null,
          null,
          null,
          null,
          null,
          null,
          null,
          null,
          1,
          null,
          0,
          0,
          0,
          null,
          null,
          null,
          0,
          null,
          null,
          null,
          null,
          null,
          null,
          null,
          null,
          null,
          1,
          0,
          0,
          0,
          null,
          null,
          0,
          0,
          null,
          null,
          null
        ]
      },
      "/mnt/c/Users/91790/Documents/SoftwareEngineering/TF-cucumber/team-formation/app/controllers/concerns/team_skill_balance.rb": {
        "lines": [
          1,
          1,
          1,
          null,
          null,
          null,
          null,
          null,
          null,
          null,
          null,
          null,
          null,
          null,
          null,
          null,
          null,
          1,
          0,
          0,
          null,
          0,
          null,
          null,
          1,
          0,
          0,
          0,
          null,
          null,
          0,
          null,
          null,
          0,
          null,
          null,
          0,
          null,
          null,
          null,
          1,
          0,
          0,
          null,
          null,
          null,
          1,
          0,
          null,
          null,
          null,
          null,
          1,
          0,
          0,
          null,
          null,
          null,
          null,
          1,
          0,
          null,
          0,
          null,
          null,
          null,
          1,
          0,
          null,
          null,
          null,
          1,
          0,
          0,
          null,
          null,
          0,
          0,
          null,
          null,
          null,
          1,
          0,
          null,
          null,
          1,
          0,
          0,
          0,
          0,
          null,
          0,
          null,
          null,
          null,
          null,
          1,
          0,
          0,
          null,
          null,
          1,
          0,
          null,
          null,
          1,
          0,
          null,
          null,
          1,
          0,
          null,
          null,
          1,
          0,
          0,
          null,
          null,
          1,
          null,
          null,
          null
        ]
      },
      "/mnt/c/Users/91790/Documents/SoftwareEngineering/TF-cucumber/team-formation/app/controllers/concerns/generate_teams.rb": {
        "lines": [
          1,
          1,
          1,
          1,
          1,
          1,
          null,
          1,
          0,
          null,
          0,
          0,
          0,
          0,
          null,
          0,
          null,
          null,
          null,
          null,
          1,
          0,
          0,
          0,
          0,
          null,
          null,
          1,
          0,
          0,
          null,
          null,
          null,
          1,
          0,
          0,
          0,
          null,
          0,
          null,
          null,
          null,
          null,
          null,
          null,
          null,
          1,
          0,
          0,
          0,
          null,
          null,
          null,
          1,
          0,
          0,
          null,
          null
        ]
      },
      "/mnt/c/Users/91790/Documents/SoftwareEngineering/TF-cucumber/team-formation/app/controllers/concerns/export_teams.rb": {
        "lines": [
          1,
          1,
          1,
          0,
          0,
          null,
          0,
          0,
          0,
          0,
          null,
          null,
          0,
          0,
          0,
          0,
          null,
          0,
          0,
          null,
          0,
          0,
          null,
          null,
          null,
          1,
          1,
          0,
          0,
          null,
          0,
          0,
          0,
          0,
          null,
          null,
          null,
          null,
          null,
          null,
          null,
          null,
          null,
          null,
          null
        ]
      },
      "/mnt/c/Users/91790/Documents/SoftwareEngineering/TF-cucumber/team-formation/app/models/attribute.rb": {
        "lines": [
          null,
          1,
          null,
          null,
          1,
          null,
          null,
          null,
          1,
          null,
          null,
          null,
          null,
          null,
          1,
          null,
          1,
          null,
          null,
          null,
          null,
          null,
          36,
          null,
          null,
          36,
          null,
          1,
          null,
          null,
          null,
          1,
          null,
          8,
          null,
          8,
          0,
          null,
          null,
          null,
          null,
          null,
          null,
          1,
          null,
          1,
          null,
          null,
          1,
          0,
          null,
          null,
          null,
          null
        ]
      },
      "/mnt/c/Users/91790/Documents/SoftwareEngineering/TF-cucumber/team-formation/app/controllers/attributes_controller.rb": {
        "lines": [
          null,
          1,
          1,
          null,
          1,
          null,
          1,
          null,
          null,
          null,
          1,
          5,
          5,
          null,
          5,
          5,
          null,
          0,
          null,
          null,
          null,
          1,
          2,
          null,
          2,
          2,
          null,
          1,
          null,
          null,
          null,
          null,
          null,
          1,
          1,
          null,
          1,
          null,
          null,
          0,
          null,
          null,
          null,
          1,
          null,
          null,
          null,
          1,
          null,
          8,
          null,
          null,
          0,
          0,
          null,
          null,
          null,
          null,
          1,
          null,
          3,
          null,
          null,
          0,
          0,
          null,
          null,
          null,
          null,
          1,
          5,
          null,
          null,
          1,
          5,
          5,
          null,
          null,
          1,
          0,
          null,
          null,
          1,
          2,
          2,
          2,
          null,
          null,
          1,
          2,
          null,
          null,
          1,
          1,
          null,
          null,
          null,
          1,
          1,
          1,
          null,
          null,
          null,
          null,
          1,
          5,
          null,
          null,
          1,
          5,
          null,
          5,
          5,
          null,
          null,
          1,
          5,
          null,
          null,
          1,
          5,
          null,
          null,
          1,
          0,
          null,
          null
        ]
      },
      "/mnt/c/Users/91790/Documents/SoftwareEngineering/TF-cucumber/team-formation/app/controllers/concerns/attribute_helpers.rb": {
        "lines": [
          1,
          1,
          null,
          1,
          null,
          1,
          5,
          null,
          null,
          1,
          5,
          null,
          null,
          1,
          0,
          0,
          null,
          null,
          1,
          5,
          5,
          null,
          null,
          null
        ]
      },
      "/mnt/c/Users/91790/Documents/SoftwareEngineering/TF-cucumber/team-formation/app/models/form_response.rb": {
        "lines": [
          1,
          1,
          1,
          null,
          1,
          1,
          1,
          null,
          1,
          null
        ]
      },
      "/mnt/c/Users/91790/Documents/SoftwareEngineering/TF-cucumber/team-formation/app/models/student.rb": {
        "lines": [
          1,
          1,
          1,
          null,
          1,
          1,
          1,
          null
        ]
      },
      "/mnt/c/Users/91790/Documents/SoftwareEngineering/TF-cucumber/team-formation/app/controllers/students_controller.rb": {
        "lines": [
          1,
          1,
          null,
          1,
          0,
          null,
          null,
          1,
          12,
          12,
          12,
          null,
          12,
          null,
          null,
          1,
          0,
          null,
          null,
          1,
          0,
          0,
          0,
          null,
          0,
          null,
          null,
          null,
          1,
          0,
          null,
          null,
          1,
          0,
          0,
          0,
          null,
          0,
          null,
          null,
          null,
          1,
          null,
          1,
          0,
          null,
          null
        ]
      },
      "/mnt/c/Users/91790/Documents/SoftwareEngineering/TF-cucumber/team-formation/app/services/forms/duplication_service.rb": {
        "lines": [
          1,
          1,
          1,
          1,
          null,
          null,
          1,
          1,
          1,
          1,
          null,
          1,
          1,
          null,
          0,
          null,
          null,
          null,
          1,
          null,
          1,
          1,
          1,
          1,
          null,
          1,
          0,
          0,
          null,
          null,
          1,
          null,
          null,
          1,
          1,
          1,
          null,
          null,
          null,
          1,
          1,
          1,
          null,
          null,
          null,
          null,
          null,
          null
        ]
      },
      "/mnt/c/Users/91790/Documents/SoftwareEngineering/TF-cucumber/team-formation/app/services/forms/base_service.rb": {
        "lines": [
          1,
          null,
          1,
          1,
          1,
          0,
          null,
          null,
          1,
          null,
          1,
          1,
          null,
          null,
          1,
          0,
          null,
          null,
          null
        ]
      },
      "/mnt/c/Users/91790/Documents/SoftwareEngineering/TF-cucumber/team-formation/app/jobs/check_form_deadlines_job.rb": {
        "lines": [
          1,
          1,
          null,
          1,
          0,
          null,
          null,
          null,
          null
        ]
      },
      "/mnt/c/Users/91790/Documents/SoftwareEngineering/TF-cucumber/team-formation/app/jobs/application_job.rb": {
        "lines": [
          1,
          null,
          null,
          null,
          null,
          null,
          null
        ]
      },
      "/mnt/c/Users/91790/Documents/SoftwareEngineering/TF-cucumber/team-formation/app/controllers/form_responses_controller.rb": {
        "lines": [
          null,
          1,
          1,
          1,
          null,
          null,
          null,
          null,
          1,
          2,
          null,
          null,
          2,
          2,
          0,
          null,
          null,
          0,
          0,
          null,
          null,
          null,
          0,
          null,
          null,
          null,
          null,
          1,
          null,
          1,
          null,
          null,
          null,
          1,
          null,
          0,
          0,
          0,
          null,
          null,
          null,
          null,
          1,
          0,
          0,
          null,
          0,
          0,
          0,
          null,
          0,
          0,
          0,
          null,
          0,
          0,
          null,
          null,
          null,
          null,
          null,
          null,
          null,
          null,
          null,
          1,
          0,
          0,
          0,
          0,
          0,
          null,
          null,
          null,
          null,
          null,
          null,
          1,
          0,
          null,
          0,
          0,
          0,
          null,
          0,
          0,
          0,
          null,
          0,
          0,
          null,
          null,
          null,
          null,
          null,
          null,
          null,
          null,
          1,
          null,
          0,
          0,
          null,
          null,
          1,
          null,
          null,
          null,
          null,
          null,
          null,
          null,
          null,
          null,
          null,
          null,
          null,
          1,
          0,
          0,
          null,
          0,
          0,
          null,
          null,
          null,
          null,
          1,
          1,
          null,
          0,
          0,
          null,
          null,
          null,
          null,
          1,
          0,
          null,
          null
        ]
      },
      "/mnt/c/Users/91790/Documents/SoftwareEngineering/TF-cucumber/team-formation/app/controllers/welcome_controller.rb": {
        "lines": [
          1,
          1,
          1,
          19,
          2,
          1,
          1,
          1,
          null,
          null,
          17,
          null,
          null,
          null,
          null,
          null
        ]
      },
      "/mnt/c/Users/91790/Documents/SoftwareEngineering/TF-cucumber/team-formation/app/controllers/sessions_controller.rb": {
        "lines": [
          1,
          1,
          null,
          null,
          1,
          1,
          1,
          null,
          null,
          null,
          1,
          8,
          null,
          8,
          8,
          null,
          8,
          1,
          1,
          7,
          1,
          1,
          null,
          6,
          null,
          null,
          null
        ]
      }
    },
    "timestamp": 1731733950
  }
}
